{"timestamp":"2025-12-18T17:18:46.892527Z","level":"warning","event":"The `airflow.hooks.base.BaseHook` attribute is deprecated. Please use `'airflow.sdk.bases.hook.BaseHook'`.","category":"DeprecatedImportWarning","filename":"/opt/airflow/plugins/web3_client.py","lineno":5,"logger":"py.warnings"}
{"timestamp":"2025-12-18T17:18:47.586974Z","level":"info","event":"DAG bundles loaded: dags-folder, example_dags","logger":"airflow.dag_processing.bundles.manager.DagBundlesManager","filename":"manager.py","lineno":179}
{"timestamp":"2025-12-18T17:18:47.587945Z","level":"info","event":"Filling up the DagBag from /opt/airflow/dags/courses_dag.py","logger":"airflow.models.dagbag.DagBag","filename":"dagbag.py","lineno":593}
{"timestamp":"2025-12-18T17:18:47.899074Z","level":"warning","event":"The `airflow.decorators.dag` attribute is deprecated. Please use `'airflow.sdk.dag'`.","category":"DeprecatedImportWarning","filename":"/opt/airflow/dags/courses_dag.py","lineno":3,"logger":"py.warnings"}
{"timestamp":"2025-12-18T17:18:47.899243Z","level":"warning","event":"The `airflow.decorators.task` attribute is deprecated. Please use `'airflow.sdk.task'`.","category":"DeprecatedImportWarning","filename":"/opt/airflow/dags/courses_dag.py","lineno":3,"logger":"py.warnings"}
{"timestamp":"2025-12-18T17:18:47.931650Z","level":"info","event":"Task instance is in running state","logger":"task.stdout"}
{"timestamp":"2025-12-18T17:18:47.932009Z","level":"info","event":" Previous state of the Task instance: TaskInstanceState.QUEUED","logger":"task.stdout"}
{"timestamp":"2025-12-18T17:18:47.932271Z","level":"info","event":"Current task name:send_to_blockchain","logger":"task.stdout"}
{"timestamp":"2025-12-18T17:18:47.932491Z","level":"info","event":"Dag name:batch_courses_pipeline","logger":"task.stdout"}
{"timestamp":"2025-12-18T17:18:47.956046Z","level":"warning","event":"Using Variable.get from `airflow.models` is deprecated.Please use `get` on Variable from sdk(`airflow.sdk.Variable`) instead","category":"DeprecationWarning","filename":"/home/airflow/.local/lib/python3.12/site-packages/airflow/models/variable.py","lineno":151,"logger":"py.warnings"}
{"timestamp":"2025-12-18T17:18:47.991099Z","level":"error","event":"Task failed with exception","logger":"task","filename":"task_runner.py","lineno":994,"error_detail":[{"exc_type":"MismatchedABI","exc_value":"\nABI Not Found!\nNo element named `addCourse` with 4 argument(s).\nProvided argument types: (str,str,str,int)\nProvided keyword argument types: {}\n\nTried to find a matching ABI element named `addCourse`, but encountered the following problems:\nSignature: addCourse(address,string,string,string,int256), type: function\nExpected 5 argument(s) but received 4 argument(s).\n","exc_notes":[],"syntax_error":null,"is_cause":false,"frames":[{"filename":"/home/airflow/.local/lib/python3.12/site-packages/airflow/sdk/execution_time/task_runner.py","lineno":920,"name":"run"},{"filename":"/home/airflow/.local/lib/python3.12/site-packages/airflow/sdk/execution_time/task_runner.py","lineno":1307,"name":"_execute_task"},{"filename":"/home/airflow/.local/lib/python3.12/site-packages/airflow/sdk/bases/operator.py","lineno":416,"name":"wrapper"},{"filename":"/home/airflow/.local/lib/python3.12/site-packages/airflow/sdk/bases/decorator.py","lineno":252,"name":"execute"},{"filename":"/home/airflow/.local/lib/python3.12/site-packages/airflow/sdk/bases/operator.py","lineno":416,"name":"wrapper"},{"filename":"/home/airflow/.local/lib/python3.12/site-packages/airflow/providers/standard/operators/python.py","lineno":216,"name":"execute"},{"filename":"/home/airflow/.local/lib/python3.12/site-packages/airflow/providers/standard/operators/python.py","lineno":239,"name":"execute_callable"},{"filename":"/home/airflow/.local/lib/python3.12/site-packages/airflow/sdk/execution_time/callback_runner.py","lineno":82,"name":"run"},{"filename":"/opt/airflow/dags/courses_dag.py","lineno":89,"name":"send_to_blockchain"},{"filename":"/home/airflow/.local/lib/python3.12/site-packages/web3/contract/base_contract.py","lineno":855,"name":"__call__"}],"is_group":false,"exceptions":[]}]}
{"timestamp":"2025-12-18T17:18:47.992969Z","level":"info","event":"Task instance in failure state","logger":"task.stdout"}
{"timestamp":"2025-12-18T17:18:47.993316Z","level":"info","event":"Task start","logger":"task.stdout"}
{"timestamp":"2025-12-18T17:18:47.993619Z","level":"info","event":"Task:<Task(_PythonDecoratedOperator): send_to_blockchain>","logger":"task.stdout"}
{"timestamp":"2025-12-18T17:18:47.993851Z","level":"info","event":"Failure caused by","logger":"task.stdout"}
{"timestamp":"2025-12-18T17:18:47.994068Z","level":"info","event":"ABI Not Found!","logger":"task.stdout"}
{"timestamp":"2025-12-18T17:18:47.994274Z","level":"info","event":"No element named `addCourse` with 4 argument(s).","logger":"task.stdout"}
{"timestamp":"2025-12-18T17:18:47.994488Z","level":"info","event":"Provided argument types: (str,str,str,int)","logger":"task.stdout"}
{"timestamp":"2025-12-18T17:18:47.994688Z","level":"info","event":"Provided keyword argument types: {}","logger":"task.stdout"}
{"timestamp":"2025-12-18T17:18:47.994890Z","level":"info","event":"","logger":"task.stdout"}
{"timestamp":"2025-12-18T17:18:47.995093Z","level":"info","event":"Tried to find a matching ABI element named `addCourse`, but encountered the following problems:","logger":"task.stdout"}
{"timestamp":"2025-12-18T17:18:47.995303Z","level":"info","event":"Signature: addCourse(address,string,string,string,int256), type: function","logger":"task.stdout"}
{"timestamp":"2025-12-18T17:18:47.995500Z","level":"info","event":"Expected 5 argument(s) but received 4 argument(s).","logger":"task.stdout"}
{"timestamp":"2025-12-18T17:18:47.995702Z","level":"info","event":"","logger":"task.stdout"}
