{"timestamp":"2025-12-17T01:18:32.244009Z","level":"warning","event":"The `airflow.hooks.base.BaseHook` attribute is deprecated. Please use `'airflow.sdk.bases.hook.BaseHook'`.","category":"DeprecatedImportWarning","filename":"/opt/airflow/plugins/web3_client.py","lineno":5,"logger":"py.warnings"}
{"timestamp":"2025-12-17T01:18:33.035938Z","level":"info","event":"DAG bundles loaded: dags-folder, example_dags","logger":"airflow.dag_processing.bundles.manager.DagBundlesManager","filename":"manager.py","lineno":179}
{"timestamp":"2025-12-17T01:18:33.037232Z","level":"info","event":"Filling up the DagBag from /opt/airflow/dags/institution_dag.py","logger":"airflow.models.dagbag.DagBag","filename":"dagbag.py","lineno":593}
{"timestamp":"2025-12-17T01:18:33.425191Z","level":"warning","event":"The `airflow.decorators.dag` attribute is deprecated. Please use `'airflow.sdk.dag'`.","category":"DeprecatedImportWarning","filename":"/opt/airflow/dags/institution_dag.py","lineno":6,"logger":"py.warnings"}
{"timestamp":"2025-12-17T01:18:33.425398Z","level":"warning","event":"The `airflow.decorators.task` attribute is deprecated. Please use `'airflow.sdk.task'`.","category":"DeprecatedImportWarning","filename":"/opt/airflow/dags/institution_dag.py","lineno":6,"logger":"py.warnings"}
{"timestamp":"2025-12-17T01:18:33.481721Z","level":"info","event":"Task instance is in running state","logger":"task.stdout"}
{"timestamp":"2025-12-17T01:18:33.482236Z","level":"info","event":" Previous state of the Task instance: TaskInstanceState.QUEUED","logger":"task.stdout"}
{"timestamp":"2025-12-17T01:18:33.482655Z","level":"info","event":"Current task name:send_to_blockchain","logger":"task.stdout"}
{"timestamp":"2025-12-17T01:18:33.482921Z","level":"info","event":"Dag name:batch_institutions_pipeline_dag","logger":"task.stdout"}
{"timestamp":"2025-12-17T01:18:33.517768Z","level":"warning","event":"Using Variable.get from `airflow.models` is deprecated.Please use `get` on Variable from sdk(`airflow.sdk.Variable`) instead","category":"DeprecationWarning","filename":"/home/airflow/.local/lib/python3.12/site-packages/airflow/models/variable.py","lineno":151,"logger":"py.warnings"}
{"timestamp":"2025-12-17T01:18:33.564255Z","level":"error","event":"Task failed with exception","logger":"task","filename":"task_runner.py","lineno":994,"error_detail":[{"exc_type":"MismatchedABI","exc_value":"\nABI Not Found!\nFound 1 element(s) named `addInstitution` that accept 1 argument(s).\nThe provided arguments are not valid.\nProvided argument types: ((address,str),(address,str),(address,str),(address,str),(address,str),(address,str))\nProvided keyword argument types: {}\n\nTried to find a matching ABI element named `addInstitution`, but encountered the following problems:\nSignature: addInstitution(address), type: function\nArgument 1 value `[('0x9f69A815356baFce6a4f819d1b92bC26bFa053Ae', 'CEFET-RJ'), ('0xf39Fd6e51aad88F6F4ce6aB8827279cffFb92266', 'Universidade Mock'), ('0x9f69A815356baFce6a4f819d1b92bC26bFa053Ae', 'CEFET-RJ'), ('0xf39Fd6e51aad88F6F4ce6aB8827279cffFb92266', 'Universidade Mock'), ('0x9f69A815356baFce6a4f819d1b92bC26bFa053Ae', 'CEFET-RJ'), ('0xf39Fd6e51aad88F6F4ce6aB8827279cffFb92266', 'Universidade Mock')]` is not compatible with type `address`.\n","exc_notes":[],"syntax_error":null,"is_cause":false,"frames":[{"filename":"/home/airflow/.local/lib/python3.12/site-packages/airflow/sdk/execution_time/task_runner.py","lineno":920,"name":"run"},{"filename":"/home/airflow/.local/lib/python3.12/site-packages/airflow/sdk/execution_time/task_runner.py","lineno":1307,"name":"_execute_task"},{"filename":"/home/airflow/.local/lib/python3.12/site-packages/airflow/sdk/bases/operator.py","lineno":416,"name":"wrapper"},{"filename":"/home/airflow/.local/lib/python3.12/site-packages/airflow/sdk/bases/decorator.py","lineno":252,"name":"execute"},{"filename":"/home/airflow/.local/lib/python3.12/site-packages/airflow/sdk/bases/operator.py","lineno":416,"name":"wrapper"},{"filename":"/home/airflow/.local/lib/python3.12/site-packages/airflow/providers/standard/operators/python.py","lineno":216,"name":"execute"},{"filename":"/home/airflow/.local/lib/python3.12/site-packages/airflow/providers/standard/operators/python.py","lineno":239,"name":"execute_callable"},{"filename":"/home/airflow/.local/lib/python3.12/site-packages/airflow/sdk/execution_time/callback_runner.py","lineno":82,"name":"run"},{"filename":"/opt/airflow/dags/institution_dag.py","lineno":119,"name":"send_to_blockchain"},{"filename":"/home/airflow/.local/lib/python3.12/site-packages/web3/contract/base_contract.py","lineno":855,"name":"__call__"}],"is_group":false,"exceptions":[]}]}
{"timestamp":"2025-12-17T01:18:33.566116Z","level":"info","event":"Task instance in failure state","logger":"task.stdout"}
{"timestamp":"2025-12-17T01:18:33.566629Z","level":"info","event":"Task start","logger":"task.stdout"}
{"timestamp":"2025-12-17T01:18:33.566927Z","level":"info","event":"Task:<Task(_PythonDecoratedOperator): send_to_blockchain>","logger":"task.stdout"}
{"timestamp":"2025-12-17T01:18:33.567203Z","level":"info","event":"Failure caused by","logger":"task.stdout"}
{"timestamp":"2025-12-17T01:18:33.567450Z","level":"info","event":"ABI Not Found!","logger":"task.stdout"}
{"timestamp":"2025-12-17T01:18:33.567699Z","level":"info","event":"Found 1 element(s) named `addInstitution` that accept 1 argument(s).","logger":"task.stdout"}
{"timestamp":"2025-12-17T01:18:33.567938Z","level":"info","event":"The provided arguments are not valid.","logger":"task.stdout"}
{"timestamp":"2025-12-17T01:18:33.568156Z","level":"info","event":"Provided argument types: ((address,str),(address,str),(address,str),(address,str),(address,str),(address,str))","logger":"task.stdout"}
{"timestamp":"2025-12-17T01:18:33.568374Z","level":"info","event":"Provided keyword argument types: {}","logger":"task.stdout"}
{"timestamp":"2025-12-17T01:18:33.568589Z","level":"info","event":"","logger":"task.stdout"}
{"timestamp":"2025-12-17T01:18:33.568862Z","level":"info","event":"Tried to find a matching ABI element named `addInstitution`, but encountered the following problems:","logger":"task.stdout"}
{"timestamp":"2025-12-17T01:18:33.569069Z","level":"info","event":"Signature: addInstitution(address), type: function","logger":"task.stdout"}
{"timestamp":"2025-12-17T01:18:33.569309Z","level":"info","event":"Argument 1 value `[('0x9f69A815356baFce6a4f819d1b92bC26bFa053Ae', 'CEFET-RJ'), ('0xf39Fd6e51aad88F6F4ce6aB8827279cffFb92266', 'Universidade Mock'), ('0x9f69A815356baFce6a4f819d1b92bC26bFa053Ae', 'CEFET-RJ'), ('0xf39Fd6e51aad88F6F4ce6aB8827279cffFb92266', 'Universidade Mock'), ('0x9f69A815356baFce6a4f819d1b92bC26bFa053Ae', 'CEFET-RJ'), ('0xf39Fd6e51aad88F6F4ce6aB8827279cffFb92266', 'Universidade Mock')]` is not compatible with type `address`.","logger":"task.stdout"}
{"timestamp":"2025-12-17T01:18:33.569545Z","level":"info","event":"","logger":"task.stdout"}
